#
# There is insufficient memory for the Java Runtime Environment to continue.
# Native memory allocation (malloc) failed to allocate 1098096 bytes for Chunk::new
# Possible reasons:
#   The system is out of physical RAM or swap space
#   In 32 bit mode, the process size limit was hit
# Possible solutions:
#   Reduce memory load on the system
#   Increase physical memory or swap space
#   Check if swap backing store is full
#   Use 64 bit Java on a 64 bit OS
#   Decrease Java heap size (-Xmx/-Xms)
#   Decrease number of Java threads
#   Decrease Java thread stack sizes (-Xss)
#   Set larger code cache with -XX:ReservedCodeCacheSize=
# This output file may be truncated or incomplete.
#
#  Out of Memory Error (allocation.cpp:390), pid=4928, tid=10092
#
# JRE version: Java(TM) SE Runtime Environment (8.0_40-b26) (build 1.8.0_40-b26)
# Java VM: Java HotSpot(TM) 64-Bit Server VM (25.40-b25 mixed mode windows-amd64 compressed oops)
# Failed to write core dump. Minidumps are not enabled by default on client versions of Windows
#

---------------  T H R E A D  ---------------

Current thread (0x0000000030d67000):  JavaThread "C2 CompilerThread0" daemon [_thread_in_native, id=10092, stack(0x00000000335d0000,0x00000000336d0000)]

Stack: [0x00000000335d0000,0x00000000336d0000]
[error occurred during error reporting (printing stack bounds), id 0xc0000005]

Native frames: (J=compiled Java code, j=interpreted, Vv=VM code, C=native code)
V  [jvm.dll+0x32b47a]
V  [jvm.dll+0x2797f3]
V  [jvm.dll+0x27a489]
V  [jvm.dll+0x293406]
V  [jvm.dll+0x297d5c]
V  [jvm.dll+0x5ca83f]
C  [msvcr100.dll+0x712e3]
V  [jvm.dll+0x5c9f3d]
C  [ntdll.dll+0x34f4d]
C  [ntdll.dll+0x15b3c]
C  [ntdll.dll+0x4f638]
V  [jvm.dll+0x21bc71]


Current CompileTask:
C2:  24008 1786       4       flowpro.core.Mesh$Element::residuumWall (2402 bytes)


---------------  P R O C E S S  ---------------

Java Threads: ( => current thread )
  0x0000000036623000 JavaThread "Thread-2" [_thread_in_Java, id=4616, stack(0x0000000038660000,0x0000000039060000)]
  0x0000000036681800 JavaThread "Thread-1" [_thread_in_Java, id=8756, stack(0x0000000037b50000,0x0000000038550000)]
  0x0000000030dd0000 JavaThread "Service Thread" daemon [_thread_blocked, id=8080, stack(0x0000000034fa0000,0x00000000359a0000)]
  0x0000000030dc7000 JavaThread "C1 CompilerThread3" daemon [_thread_blocked, id=9364, stack(0x0000000034d20000,0x0000000034e20000)]
  0x000000002fcbf000 JavaThread "C2 CompilerThread2" daemon [_thread_blocked, id=10856, stack(0x0000000034150000,0x0000000034250000)]
  0x000000002fcbb000 JavaThread "C2 CompilerThread1" daemon [_thread_blocked, id=8120, stack(0x0000000032ab0000,0x0000000032bb0000)]
=>0x0000000030d67000 JavaThread "C2 CompilerThread0" daemon [_thread_in_native, id=10092, stack(0x00000000335d0000,0x00000000336d0000)]
  0x0000000030d65800 JavaThread "Attach Listener" daemon [_thread_blocked, id=3256, stack(0x00000000342a0000,0x0000000034ca0000)]
  0x0000000030d64800 JavaThread "Signal Dispatcher" daemon [_thread_blocked, id=10648, stack(0x00000000336d0000,0x00000000340d0000)]
  0x000000002fcaf000 JavaThread "Finalizer" daemon [_thread_blocked, id=9600, stack(0x0000000032bb0000,0x00000000335b0000)]
  0x000000002fca7800 JavaThread "Reference Handler" daemon [_thread_blocked, id=5400, stack(0x0000000032020000,0x0000000032a20000)]
  0x00000000001ef800 JavaThread "main" [_thread_blocked, id=8352, stack(0x0000000002560000,0x0000000002f60000)]

Other Threads:
  0x0000000030d12800 VMThread [stack: 0x0000000031de0000,0x0000000031ee0000] [id=876]
  0x0000000030dd2000 WatcherThread [stack: 0x0000000031cc0000,0x0000000031dc0000] [id=5804]

VM state:not at safepoint (normal execution)

VM Mutex/Monitor currently owned by a thread: None

Heap:
 PSYoungGen      total 739328K, used 463154K [0x00000006c0000000, 0x00000006fa980000, 0x00000007c0000000)
  eden space 528384K, 61% used [0x00000006c0000000,0x00000006d3b04778,0x00000006e0400000)
  from space 210944K, 66% used [0x00000006e0400000,0x00000006e8d480d8,0x00000006ed200000)
  to   space 207360K, 0% used [0x00000006ed200000,0x00000006ed200000,0x00000006f9c80000)
 ParOldGen       total 1049088K, used 682054K [0x00000004c0000000, 0x0000000500080000, 0x00000006c0000000)
  object space 1049088K, 65% used [0x00000004c0000000,0x00000004e9a11bc8,0x0000000500080000)
 Metaspace       used 12662K, capacity 13194K, committed 13440K, reserved 1060864K
  class space    used 1596K, capacity 1888K, committed 1920K, reserved 1048576K

Card table byte_map: [0x00000000125f0000,0x0000000013e00000] byte_map_base: 0x000000000fff0000

Marking Bits: (ParMarkBitMap*) 0x00000000603a4040
 Begin Bits: [0x0000000015ac0000, 0x0000000021ac0000)
 End Bits:   [0x0000000021ac0000, 0x000000002dac0000)

Polling page: 0x0000000000150000

CodeCache: size=245760Kb used=6695Kb max_used=6702Kb free=239065Kb
 bounds [0x0000000003230000, 0x00000000038d0000, 0x0000000012230000]
 total_blobs=2177 nmethods=1783 adapters=308
 compilation: enabled

Compilation events (10 events):
Event: 16.204 Thread 0x000000002fcbf000 nmethod 1782 0x00000000038b34d0 code [0x00000000038b37c0, 0x00000000038b92c8]
Event: 17.259 Thread 0x0000000030dc7000 1783 %     3       flowpro.core.Mesh$Element::residuumWall @ 1408 (2402 bytes)
Event: 17.259 Thread 0x000000002fcbb000 1784       4       flowpro.user.equation.Aerodynamics::isIPFace (11 bytes)
Event: 17.259 Thread 0x000000002fcbb000 nmethod 1784 0x000000000375c050 code [0x000000000375c180, 0x000000000375c1f8]
Event: 17.270 Thread 0x0000000030dc7000 nmethod 1783% 0x00000000038bd310 code [0x00000000038bdb20, 0x00000000038c3008]
Event: 17.270 Thread 0x0000000030d67000 1786       4       flowpro.core.Mesh$Element::residuumWall (2402 bytes)
Event: 17.270 Thread 0x0000000030dc7000 1785       3       flowpro.user.equation.SpalartAllmaras::numericalDiffusiveFlux (54 bytes)
Event: 17.270 Thread 0x0000000030dc7000 nmethod 1785 0x000000000386a790 code [0x000000000386a960, 0x000000000386b058]
Event: 17.373 Thread 0x000000002fcbf000 1787       4       flowpro.user.equation.SpalartAllmaras::numericalDiffusiveFlux (54 bytes)
Event: 17.377 Thread 0x000000002fcbf000 nmethod 1787 0x000000000386a190 code [0x000000000386a300, 0x000000000386a528]

GC Heap History (10 events):
Event: 12.596 GC heap before
{Heap before GC invocations=11 (full 3):
 PSYoungGen      total 389632K, used 203440K [0x00000006c0000000, 0x00000006eb000000, 0x00000007c0000000)
  eden space 227328K, 89% used [0x00000006c0000000,0x00000006cc6ac1c8,0x00000006cde00000)
  from space 162304K, 0% used [0x00000006cde00000,0x00000006cde00000,0x00000006d7c80000)
  to   space 172032K, 0% used [0x00000006e0800000,0x00000006e0800000,0x00000006eb000000)
 ParOldGen       total 1049088K, used 615393K [0x00000004c0000000, 0x0000000500080000, 0x00000006c0000000)
  object space 1049088K, 58% used [0x00000004c0000000,0x00000004e58f87f8,0x0000000500080000)
 Metaspace       used 12615K, capacity 13194K, committed 13440K, reserved 1060864K
  class space    used 1593K, capacity 1888K, committed 1920K, reserved 1048576K
Event: 12.700 GC heap after
Heap after GC invocations=11 (full 3):
 PSYoungGen      total 500736K, used 136382K [0x00000006c0000000, 0x00000006ead00000, 0x00000007c0000000)
  eden space 331776K, 0% used [0x00000006c0000000,0x00000006c0000000,0x00000006d4400000)
  from space 168960K, 80% used [0x00000006e0800000,0x00000006e8d2f8d0,0x00000006ead00000)
  to   space 184832K, 0% used [0x00000006d4400000,0x00000006d4400000,0x00000006df880000)
 ParOldGen       total 1049088K, used 615393K [0x00000004c0000000, 0x0000000500080000, 0x00000006c0000000)
  object space 1049088K, 58% used [0x00000004c0000000,0x00000004e58f87f8,0x0000000500080000)
 Metaspace       used 12615K, capacity 13194K, committed 13440K, reserved 1060864K
  class space    used 1593K, capacity 1888K, committed 1920K, reserved 1048576K
}
Event: 13.525 GC heap before
{Heap before GC invocations=12 (full 3):
 PSYoungGen      total 500736K, used 468158K [0x00000006c0000000, 0x00000006ead00000, 0x00000007c0000000)
  eden space 331776K, 100% used [0x00000006c0000000,0x00000006d4400000,0x00000006d4400000)
  from space 168960K, 80% used [0x00000006e0800000,0x00000006e8d2f8d0,0x00000006ead00000)
  to   space 184832K, 0% used [0x00000006d4400000,0x00000006d4400000,0x00000006df880000)
 ParOldGen       total 1049088K, used 615393K [0x00000004c0000000, 0x0000000500080000, 0x00000006c0000000)
  object space 1049088K, 58% used [0x00000004c0000000,0x00000004e58f87f8,0x0000000500080000)
 Metaspace       used 12662K, capacity 13194K, committed 13440K, reserved 1060864K
  class space    used 1596K, capacity 1888K, committed 1920K, reserved 1048576K
Event: 14.126 GC heap after
Heap after GC invocations=12 (full 3):
 PSYoungGen      total 516608K, used 140192K [0x00000006c0000000, 0x00000006f2700000, 0x00000007c0000000)
  eden space 331776K, 0% used [0x00000006c0000000,0x00000006c0000000,0x00000006d4400000)
  from space 184832K, 75% used [0x00000006d4400000,0x00000006dcce80d8,0x00000006df880000)
  to   space 195584K, 0% used [0x00000006e6800000,0x00000006e6800000,0x00000006f2700000)
 ParOldGen       total 1049088K, used 682054K [0x00000004c0000000, 0x0000000500080000, 0x00000006c0000000)
  object space 1049088K, 65% used [0x00000004c0000000,0x00000004e9a11bc8,0x0000000500080000)
 Metaspace       used 12662K, capacity 13194K, committed 13440K, reserved 1060864K
  class space    used 1596K, capacity 1888K, committed 1920K, reserved 1048576K
}
Event: 15.237 GC heap before
{Heap before GC invocations=13 (full 3):
 PSYoungGen      total 516608K, used 471968K [0x00000006c0000000, 0x00000006f2700000, 0x00000007c0000000)
  eden space 331776K, 100% used [0x00000006c0000000,0x00000006d4400000,0x00000006d4400000)
  from space 184832K, 75% used [0x00000006d4400000,0x00000006dcce80d8,0x00000006df880000)
  to   space 195584K, 0% used [0x00000006e6800000,0x00000006e6800000,0x00000006f2700000)
 ParOldGen       total 1049088K, used 682054K [0x00000004c0000000, 0x0000000500080000, 0x00000006c0000000)
  object space 1049088K, 65% used [0x00000004c0000000,0x00000004e9a11bc8,0x0000000500080000)
 Metaspace       used 12662K, capacity 13194K, committed 13440K, reserved 1060864K
  class space    used 1596K, capacity 1888K, committed 1920K, reserved 1048576K
Event: 15.325 GC heap after
Heap after GC invocations=13 (full 3):
 PSYoungGen      total 620544K, used 140192K [0x00000006c0000000, 0x00000006f2a00000, 0x00000007c0000000)
  eden space 424960K, 0% used [0x00000006c0000000,0x00000006c0000000,0x00000006d9f00000)
  from space 195584K, 71% used [0x00000006e6800000,0x00000006ef0e80d8,0x00000006f2700000)
  to   space 202240K, 0% used [0x00000006d9f00000,0x00000006d9f00000,0x00000006e6480000)
 ParOldGen       total 1049088K, used 682054K [0x00000004c0000000, 0x0000000500080000, 0x00000006c0000000)
  object space 1049088K, 65% used [0x00000004c0000000,0x00000004e9a11bc8,0x0000000500080000)
 Metaspace       used 12662K, capacity 13194K, committed 13440K, reserved 1060864K
  class space    used 1596K, capacity 1888K, committed 1920K, reserved 1048576K
}
Event: 16.256 GC heap before
{Heap before GC invocations=14 (full 3):
 PSYoungGen      total 620544K, used 565152K [0x00000006c0000000, 0x00000006f2a00000, 0x00000007c0000000)
  eden space 424960K, 100% used [0x00000006c0000000,0x00000006d9f00000,0x00000006d9f00000)
  from space 195584K, 71% used [0x00000006e6800000,0x00000006ef0e80d8,0x00000006f2700000)
  to   space 202240K, 0% used [0x00000006d9f00000,0x00000006d9f00000,0x00000006e6480000)
 ParOldGen       total 1049088K, used 682054K [0x00000004c0000000, 0x0000000500080000, 0x00000006c0000000)
  object space 1049088K, 65% used [0x00000004c0000000,0x00000004e9a11bc8,0x0000000500080000)
 Metaspace       used 12662K, capacity 13194K, committed 13440K, reserved 1060864K
  class space    used 1596K, capacity 1888K, committed 1920K, reserved 1048576K
Event: 16.316 GC heap after
Heap after GC invocations=14 (full 3):
 PSYoungGen      total 627200K, used 140256K [0x00000006c0000000, 0x00000006f9c80000, 0x00000007c0000000)
  eden space 424960K, 0% used [0x00000006c0000000,0x00000006c0000000,0x00000006d9f00000)
  from space 202240K, 69% used [0x00000006d9f00000,0x00000006e27f80d8,0x00000006e6480000)
  to   space 207360K, 0% used [0x00000006ed200000,0x00000006ed200000,0x00000006f9c80000)
 ParOldGen       total 1049088K, used 682054K [0x00000004c0000000, 0x0000000500080000, 0x00000006c0000000)
  object space 1049088K, 65% used [0x00000004c0000000,0x00000004e9a11bc8,0x0000000500080000)
 Metaspace       used 12662K, capacity 13194K, committed 13440K, reserved 1060864K
  class space    used 1596K, capacity 1888K, committed 1920K, reserved 1048576K
}
Event: 16.689 GC heap before
{Heap before GC invocations=15 (full 3):
 PSYoungGen      total 627200K, used 565216K [0x00000006c0000000, 0x00000006f9c80000, 0x00000007c0000000)
  eden space 424960K, 100% used [0x00000006c0000000,0x00000006d9f00000,0x00000006d9f00000)
  from space 202240K, 69% used [0x00000006d9f00000,0x00000006e27f80d8,0x00000006e6480000)
  to   space 207360K, 0% used [0x00000006ed200000,0x00000006ed200000,0x00000006f9c80000)
 ParOldGen       total 1049088K, used 682054K [0x00000004c0000000, 0x0000000500080000, 0x00000006c0000000)
  object space 1049088K, 65% used [0x00000004c0000000,0x00000004e9a11bc8,0x0000000500080000)
 Metaspace       used 12662K, capacity 13194K, committed 13440K, reserved 1060864K
  class space    used 1596K, capacity 1888K, committed 1920K, reserved 1048576K
Event: 16.812 GC heap after
Heap after GC invocations=15 (full 3):
 PSYoungGen      total 735744K, used 140416K [0x00000006c0000000, 0x00000006fa980000, 0x00000007c0000000)
  eden space 528384K, 0% used [0x00000006c0000000,0x00000006c0000000,0x00000006e0400000)
  from space 207360K, 67% used [0x00000006ed200000,0x00000006f5b200d8,0x00000006f9c80000)
  to   space 210944K, 0% used [0x00000006e0400000,0x00000006e0400000,0x00000006ed200000)
 ParOldGen       total 1049088K, used 682054K [0x00000004c0000000, 0x0000000500080000, 0x00000006c0000000)
  object space 1049088K, 65% used [0x00000004c0000000,0x00000004e9a11bc8,0x0000000500080000)
 Metaspace       used 12662K, capacity 13194K, committed 13440K, reserved 1060864K
  class space    used 1596K, capacity 1888K, committed 1920K, reserved 1048576K
}

Deoptimization events (10 events):
Event: 9.397 Thread 0x00000000001ef800 Uncommon trap: reason=unstable_if action=reinterpret pc=0x00000000037c3fac method=flowpro.core.LinearSolvers.SparseMatrix.quickSort([I[I[III)V @ 45
Event: 11.311 Thread 0x00000000001ef800 Uncommon trap: reason=unstable_if action=reinterpret pc=0x00000000037f5f2c method=flowpro.core.LinearSolvers.SparseMatrix.invertMap([I)[I @ 14
Event: 11.323 Thread 0x00000000001ef800 Uncommon trap: reason=unstable_if action=reinterpret pc=0x00000000037f5994 method=flowpro.core.LinearSolvers.SparseMatrix.quickSort([I[III)V @ 32
Event: 11.336 Thread 0x00000000001ef800 Uncommon trap: reason=unstable_if action=reinterpret pc=0x00000000037f6860 method=flowpro.core.LinearSolvers.SparseMatrix.quickSort([I[III)V @ 47
Event: 11.346 Thread 0x00000000001ef800 Uncommon trap: reason=unstable_if action=reinterpret pc=0x00000000037f11d8 method=flowpro.core.LinearSolvers.SparseMatrix.quickSort([I[III)V @ 47
Event: 12.807 Thread 0x00000000001ef800 Uncommon trap: reason=unstable_if action=reinterpret pc=0x00000000037f9b18 method=flowpro.core.LinearSolvers.SparseMatrix.compress([I)[I @ 20
Event: 17.258 Thread 0x0000000036623000 Uncommon trap: reason=unstable_if action=reinterpret pc=0x00000000038b8fa0 method=flowpro.user.equation.SpalartAllmaras.numericalDiffusiveFlux([D[D[DILflowpro/api/ElementData;)[D @ 29
Event: 17.259 Thread 0x0000000036623000 Uncommon trap: reason=unstable_if action=reinterpret pc=0x000000000384c230 method=flowpro.user.equation.SpalartAllmaras.numericalDiffusiveFlux([D[D[DILflowpro/api/ElementData;)[D @ 29
Event: 17.315 Thread 0x0000000036623000 Uncommon trap: reason=unstable_if action=reinterpret pc=0x0000000003876480 method=flowpro.core.Mesh$Element.residuumWall(I[D[D[D)V @ 758
Event: 17.415 Thread 0x0000000036623000 Uncommon trap: reason=unstable_if action=reinterpret pc=0x00000000038937d0 method=flowpro.user.equation.SpalartAllmaras.numericalDiffusiveFlux([D[D[DILflowpro/api/ElementData;)[D @ 29

Internal exceptions (10 events):
Event: 0.656 Thread 0x00000000001ef800 Exception <a 'java/io/FileNotFoundException'> (0x00000006c25ef460) thrown at [D:\re\workspace\8-2-build-windows-amd64-cygwin\jdk8u40\3098\hotspot\src\share\vm\prims\jni.cpp, line 709]
Event: 0.720 Thread 0x00000000001ef800 Exception <a 'java/io/FileNotFoundException'> (0x00000006c2c5bc30) thrown at [D:\re\workspace\8-2-build-windows-amd64-cygwin\jdk8u40\3098\hotspot\src\share\vm\prims\jni.cpp, line 709]
Event: 0.733 Thread 0x00000000001ef800 Exception <a 'java/io/FileNotFoundException'> (0x00000006c2ce90d8) thrown at [D:\re\workspace\8-2-build-windows-amd64-cygwin\jdk8u40\3098\hotspot\src\share\vm\prims\jni.cpp, line 709]
Event: 0.735 Thread 0x00000000001ef800 Exception <a 'java/io/FileNotFoundException'> (0x00000006c2ced868) thrown at [D:\re\workspace\8-2-build-windows-amd64-cygwin\jdk8u40\3098\hotspot\src\share\vm\prims\jni.cpp, line 709]
Event: 0.942 Thread 0x00000000001ef800 Exception <a 'java/lang/NoSuchFieldError': method resolution failed> (0x00000006c319bfe8) thrown at [D:\re\workspace\8-2-build-windows-amd64-cygwin\jdk8u40\3098\hotspot\src\share\vm\prims\methodHandles.cpp, line 1125]
Event: 0.946 Thread 0x00000000001ef800 Exception <a 'java/lang/NoSuchFieldError': method resolution failed> (0x00000006c31aa7b8) thrown at [D:\re\workspace\8-2-build-windows-amd64-cygwin\jdk8u40\3098\hotspot\src\share\vm\prims\methodHandles.cpp, line 1125]
Event: 1.977 Thread 0x00000000001ef800 Exception <a 'java/io/FileNotFoundException'> (0x00000006c0a4cf08) thrown at [D:\re\workspace\8-2-build-windows-amd64-cygwin\jdk8u40\3098\hotspot\src\share\vm\prims\jni.cpp, line 709]
Event: 1.978 Thread 0x00000000001ef800 Exception <a 'java/io/FileNotFoundException'> (0x00000006c0a55c20) thrown at [D:\re\workspace\8-2-build-windows-amd64-cygwin\jdk8u40\3098\hotspot\src\share\vm\prims\jni.cpp, line 709]
Event: 1.979 Thread 0x00000000001ef800 Exception <a 'java/io/FileNotFoundException'> (0x00000006c0a6e3d0) thrown at [D:\re\workspace\8-2-build-windows-amd64-cygwin\jdk8u40\3098\hotspot\src\share\vm\prims\jni.cpp, line 709]
Event: 1.980 Thread 0x00000000001ef800 Exception <a 'java/io/FileNotFoundException'> (0x00000006c0a77530) thrown at [D:\re\workspace\8-2-build-windows-amd64-cygwin\jdk8u40\3098\hotspot\src\share\vm\prims\jni.cpp, line 709]

Events (10 events):
Event: 17.259 Thread 0x0000000036623000 DEOPT UNPACKING pc=0x000000000327582a sp=0x000000003905edb0 mode 2
Event: 17.259 Thread 0x0000000036623000 Uncommon trap: trap_request=0xffffff65 fr.pc=0x000000000384c230
Event: 17.259 Thread 0x0000000036623000 DEOPT PACKING pc=0x000000000384c230 sp=0x000000003905ede0
Event: 17.259 Thread 0x0000000036623000 DEOPT UNPACKING pc=0x000000000327582a sp=0x000000003905eda8 mode 2
Event: 17.315 Thread 0x0000000036623000 Uncommon trap: trap_request=0xffffff65 fr.pc=0x0000000003876480
Event: 17.315 Thread 0x0000000036623000 DEOPT PACKING pc=0x0000000003876480 sp=0x000000003905ee60
Event: 17.315 Thread 0x0000000036623000 DEOPT UNPACKING pc=0x000000000327582a sp=0x000000003905ee38 mode 2
Event: 17.415 Thread 0x0000000036623000 Uncommon trap: trap_request=0xffffff65 fr.pc=0x00000000038937d0
Event: 17.415 Thread 0x0000000036623000 DEOPT PACKING pc=0x00000000038937d0 sp=0x000000003905ee80
Event: 17.415 Thread 0x0000000036623000 DEOPT UNPACKING pc=0x000000000327582a sp=0x000000003905edb0 mode 2


Dynamic libraries:
0x000000013f1f0000 - 0x000000013f227000 	C:\Program Files\Java\jdk1.8.0_40\bin\java.exe
0x0000000077a30000 - 0x0000000077bdc000 	C:\Windows\SYSTEM32\ntdll.dll
0x000007fefb5c0000 - 0x000007fefb5d4000 	C:\Program Files\AVAST Software\Avast\x64\aswhooka.dll
0x0000000077450000 - 0x000000007756f000 	C:\Windows\system32\kernel32.dll
0x000007fefdff0000 - 0x000007fefe05c000 	C:\Windows\system32\KERNELBASE.dll
0x000007feff240000 - 0x000007feff31b000 	C:\Windows\system32\ADVAPI32.dll
0x000007fefe3a0000 - 0x000007fefe43f000 	C:\Windows\system32\msvcrt.dll
0x000007feff980000 - 0x000007feff99f000 	C:\Windows\SYSTEM32\sechost.dll
0x000007fefe270000 - 0x000007fefe39e000 	C:\Windows\system32\RPCRT4.dll
0x0000000077350000 - 0x000000007744a000 	C:\Windows\system32\USER32.dll
0x000007fefe440000 - 0x000007fefe4a7000 	C:\Windows\system32\GDI32.dll
0x000007feffca0000 - 0x000007feffcae000 	C:\Windows\system32\LPK.dll
0x000007feff9a0000 - 0x000007feffa6a000 	C:\Windows\system32\USP10.dll
0x000007fefc920000 - 0x000007fefcb14000 	C:\Windows\WinSxS\amd64_microsoft.windows.common-controls_6595b64144ccf1df_6.0.7600.16661_none_fa62ad231704eab7\COMCTL32.dll
0x000007feffae0000 - 0x000007feffb51000 	C:\Windows\system32\SHLWAPI.dll
0x000007feffcb0000 - 0x000007feffcde000 	C:\Windows\system32\IMM32.DLL
0x000007feff870000 - 0x000007feff979000 	C:\Windows\system32\MSCTF.dll
0x0000000074310000 - 0x00000000743e2000 	C:\Program Files\Java\jdk1.8.0_40\jre\bin\msvcr100.dll
0x000000005fba0000 - 0x0000000060423000 	C:\Program Files\Java\jdk1.8.0_40\jre\bin\server\jvm.dll
0x000007fef3ba0000 - 0x000007fef3ba9000 	C:\Windows\system32\WSOCK32.dll
0x000007feffa90000 - 0x000007feffadd000 	C:\Windows\system32\WS2_32.dll
0x000007feffd30000 - 0x000007feffd38000 	C:\Windows\system32\NSI.dll
0x000007fef3010000 - 0x000007fef304b000 	C:\Windows\system32\WINMM.dll
0x000007fefd010000 - 0x000007fefd01c000 	C:\Windows\system32\VERSION.dll
0x0000000077c00000 - 0x0000000077c07000 	C:\Windows\system32\PSAPI.DLL
0x0000000075290000 - 0x000000007529f000 	C:\Program Files\Java\jdk1.8.0_40\jre\bin\verify.dll
0x00000000742c0000 - 0x00000000742e9000 	C:\Program Files\Java\jdk1.8.0_40\jre\bin\java.dll
0x0000000074d80000 - 0x0000000074d96000 	C:\Program Files\Java\jdk1.8.0_40\jre\bin\zip.dll
0x000007fefe4b0000 - 0x000007feff236000 	C:\Windows\system32\SHELL32.dll
0x000007feff660000 - 0x000007feff862000 	C:\Windows\system32\ole32.dll
0x000007fefdea0000 - 0x000007fefdeaf000 	C:\Windows\system32\profapi.dll
0x000007fef5fa0000 - 0x000007fef60c5000 	C:\Windows\system32\dbghelp.dll

VM Arguments:
jvm_args: -Xmx12g -Xss10m 
java_command: FlowPro.jar master 0
java_class_path (initial): FlowPro.jar
Launcher Type: SUN_STANDARD

Environment Variables:
JAVA_HOME=C:\Program Files\Java\jdk1.8.0_40
PATH=C:\Program Files\MATLAB\R2015b\bin\win64;C:\Windows\system32;C:\Windows;C:\Windows\System32\Wbem;C:\Windows\System32\WindowsPowerShell\v1.0\;C:\MinGW\bin;C:\Python27;C:\Program Files\MiKTeX 2.9\miktex\bin\x64\;C:\Program Files\mpj-v0_43\bin;C:\Users\obublik\Desktop;C:\Program Files\apache-ant-1.9.7\bin;C:\Python27\Scripts;C:\Program Files\MATLAB\R2015b\runtime\win64;C:\Program Files\MATLAB\R2015b\bin;C:\Program Files\apache-maven-3.5.3\bin;C:\MinGW\bin;C:\Program Files\TortoiseHg\;C:\Program Files\CMake\bin;C:\Program Files (x86)\Bitvise SSH Client;C:\msys64\mingw64\bin;C:\Gradle\gradle-4.9\bin;C:\Program Files\Java\jdk1.8.0_40\bin;C:\Git\bin;C:\Program Files (x86)\ParaView 3.14.1\bin;C:\Program Files (x86)\Google\Chrome\Application;C:\ProgramData\Oracle\Java\javapath;C:\Windows\system32;C:\Windows;C:\Windows\System32\Wbem;C:\Windows\System32\WindowsPowerShell\v1.0\;C:\MinGW\bin;C:\Python27;C:\Program Files\MATLAB\R2011b\bin;C:\Program Files\MiKTeX 2.9\miktex\bin\x64\;C:\Program Files\mpj-v0_43\bin;C:\Program Files\Java\jdk1.8.0_40\bin;C:\Users\obublik\Desktop
USERNAME=obublik
OS=Windows_NT
PROCESSOR_IDENTIFIER=Intel64 Family 6 Model 42 Stepping 7, GenuineIntel



---------------  S Y S T E M  ---------------

OS: Windows 7 , 64 bit Build 7600 (6.1.7600.16850)

CPU:total 8 (4 cores per cpu, 2 threads per core) family 6 model 42 stepping 7, cmov, cx8, fxsr, mmx, sse, sse2, sse3, ssse3, sse4.1, sse4.2, popcnt, aes, clmul, ht, tsc, tscinvbit

Memory: 4k page, physical 16655412k(885632k free), swap 18677356k(123592k free)

vm_info: Java HotSpot(TM) 64-Bit Server VM (25.40-b25) for windows-amd64 JRE (1.8.0_40-b26), built on Mar  7 2015 13:51:59 by "java_re" with MS VC++ 10.0 (VS2010)

time: Sun Dec 30 22:04:58 2018
elapsed time: 24 seconds (0d 0h 0m 24s)

